<?xml version="1.0" encoding="utf-8"?>
<coverage line-rate="0.6025" branch-rate="0.7" version="1.9" timestamp="1773662880" lines-covered="47" lines-valid="78" branches-covered="21" branches-valid="30">
  <sources>
    <source>C:\Users\TREIDCOMPUTERS\Desktop\lab3-csharp\Lab3.Auth\</source>
  </sources>
  <packages>
    <package name="Lab3.Auth" line-rate="0.6025" branch-rate="0.7" complexity="44">
      <classes>
        <class name="Program" filename="Program.cs" line-rate="0.5" branch-rate="0" complexity="2">
          <methods>
            <method name="&lt;Main&gt;$" signature="(System.String[])" line-rate="0.5" branch-rate="0" complexity="2">
              <lines>
                <line number="1" hits="5" branch="False" />
                <line number="5" hits="5" branch="False" />
                <line number="9" hits="5" branch="False" />
                <line number="11" hits="5" branch="False" />
                <line number="12" hits="5" branch="False" />
                <line number="13" hits="5" branch="False" />
                <line number="14" hits="5" branch="False" />
                <line number="16" hits="5" branch="False" />
                <line number="17" hits="0" branch="False" />
                <line number="18" hits="0" branch="True" condition-coverage="0% (0/2)">
                  <conditions>
                    <condition number="15" type="jump" coverage="0%" />
                  </conditions>
                </line>
                <line number="19" hits="0" branch="False" />
                <line number="20" hits="0" branch="False" />
                <line number="21" hits="0" branch="False" />
                <line number="22" hits="0" branch="False" />
                <line number="23" hits="0" branch="False" />
                <line number="24" hits="0" branch="False" />
                <line number="25" hits="0" branch="False" />
                <line number="26" hits="0" branch="False" />
                <line number="27" hits="5" branch="False" />
                <line number="29" hits="5" branch="False" />
              </lines>
            </method>
          </methods>
          <lines>
            <line number="1" hits="5" branch="False" />
            <line number="5" hits="5" branch="False" />
            <line number="9" hits="5" branch="False" />
            <line number="11" hits="5" branch="False" />
            <line number="12" hits="5" branch="False" />
            <line number="13" hits="5" branch="False" />
            <line number="14" hits="5" branch="False" />
            <line number="16" hits="5" branch="False" />
            <line number="17" hits="0" branch="False" />
            <line number="18" hits="0" branch="True" condition-coverage="0% (0/2)">
              <conditions>
                <condition number="15" type="jump" coverage="0%" />
              </conditions>
            </line>
            <line number="19" hits="0" branch="False" />
            <line number="20" hits="0" branch="False" />
            <line number="21" hits="0" branch="False" />
            <line number="22" hits="0" branch="False" />
            <line number="23" hits="0" branch="False" />
            <line number="24" hits="0" branch="False" />
            <line number="25" hits="0" branch="False" />
            <line number="26" hits="0" branch="False" />
            <line number="27" hits="5" branch="False" />
            <line number="29" hits="5" branch="False" />
          </lines>
        </class>
        <class name="WeatherForecast" filename="Program.cs" line-rate="0" branch-rate="1" complexity="2">
          <methods>
            <method name="get_Date" signature="()" line-rate="0" branch-rate="1" complexity="1">
              <lines>
                <line number="31" hits="0" branch="False" />
              </lines>
            </method>
            <method name="get_TemperatureF" signature="()" line-rate="0" branch-rate="1" complexity="1">
              <lines>
                <line number="33" hits="0" branch="False" />
              </lines>
            </method>
          </methods>
          <lines>
            <line number="31" hits="0" branch="False" />
            <line number="33" hits="0" branch="False" />
          </lines>
        </class>
        <class name="Lab3.Auth.Services.AuthResult" filename="Services\AuthService.cs" line-rate="1" branch-rate="1" complexity="1">
          <methods>
            <method name="get_Success" signature="()" line-rate="1" branch-rate="1" complexity="1">
              <lines>
                <line number="9" hits="37" branch="False" />
              </lines>
            </method>
          </methods>
          <lines>
            <line number="9" hits="37" branch="False" />
          </lines>
        </class>
        <class name="Lab3.Auth.Services.AuthService" filename="Services\AuthService.cs" line-rate="0.9473" branch-rate="0.9545" complexity="28">
          <methods>
            <method name="Hash" signature="(System.String)" line-rate="1" branch-rate="1" complexity="1">
              <lines>
                <line number="26" hits="14" branch="False" />
                <line number="27" hits="14" branch="False" />
                <line number="28" hits="14" branch="False" />
                <line number="29" hits="14" branch="False" />
              </lines>
            </method>
            <method name="IsValidUsername" signature="(System.String)" line-rate="1" branch-rate="1" complexity="1">
              <lines>
                <line number="32" hits="11" branch="False" />
              </lines>
            </method>
            <method name="IsValidPassword" signature="(System.String)" line-rate="1" branch-rate="1" complexity="1">
              <lines>
                <line number="35" hits="11" branch="False" />
              </lines>
            </method>
            <method name="Register" signature="(System.String,System.String)" line-rate="1" branch-rate="1" complexity="10">
              <lines>
                <line number="38" hits="12" branch="False" />
                <line number="39" hits="12" branch="True" condition-coverage="100% (4/4)">
                  <conditions>
                    <condition number="7" type="jump" coverage="100%" />
                    <condition number="20" type="jump" coverage="100%" />
                  </conditions>
                </line>
                <line number="40" hits="1" branch="False" />
                <line number="42" hits="11" branch="True" condition-coverage="100% (2/2)">
                  <conditions>
                    <condition number="47" type="jump" coverage="100%" />
                  </conditions>
                </line>
                <line number="43" hits="2" branch="False" />
                <line number="45" hits="9" branch="True" condition-coverage="100% (2/2)">
                  <conditions>
                    <condition number="74" type="jump" coverage="100%" />
                  </conditions>
                </line>
                <line number="46" hits="1" branch="False" />
                <line number="48" hits="8" branch="True" condition-coverage="100% (2/2)">
                  <conditions>
                    <condition number="106" type="jump" coverage="100%" />
                  </conditions>
                </line>
                <line number="49" hits="1" branch="False" />
                <line number="51" hits="7" branch="False" />
                <line number="52" hits="7" branch="False" />
                <line number="53" hits="12" branch="False" />
              </lines>
            </method>
            <method name="Login" signature="(System.String,System.String)" line-rate="1" branch-rate="1" complexity="4">
              <lines>
                <line number="56" hits="4" branch="False" />
                <line number="57" hits="4" branch="True" condition-coverage="100% (4/4)">
                  <conditions>
                    <condition number="15" type="jump" coverage="100%" />
                    <condition number="34" type="jump" coverage="100%" />
                  </conditions>
                </line>
                <line number="58" hits="2" branch="False" />
                <line number="60" hits="2" branch="False" />
                <line number="61" hits="4" branch="False" />
              </lines>
            </method>
            <method name="ChangePassword" signature="(System.String,System.String,System.String)" line-rate="0.9166" branch-rate="0.875" complexity="8">
              <lines>
                <line number="64" hits="4" branch="False" />
                <line number="65" hits="4" branch="True" condition-coverage="100% (2/2)">
                  <conditions>
                    <condition number="20" type="jump" coverage="100%" />
                  </conditions>
                </line>
                <line number="66" hits="1" branch="False" />
                <line number="68" hits="3" branch="True" condition-coverage="100% (2/2)">
                  <conditions>
                    <condition number="50" type="jump" coverage="100%" />
                  </conditions>
                </line>
                <line number="69" hits="1" branch="False" />
                <line number="71" hits="2" branch="True" condition-coverage="50% (1/2)">
                  <conditions>
                    <condition number="79" type="jump" coverage="50%" />
                  </conditions>
                </line>
                <line number="72" hits="0" branch="False" />
                <line number="74" hits="2" branch="True" condition-coverage="100% (2/2)">
                  <conditions>
                    <condition number="106" type="jump" coverage="100%" />
                  </conditions>
                </line>
                <line number="75" hits="1" branch="False" />
                <line number="77" hits="1" branch="False" />
                <line number="78" hits="1" branch="False" />
                <line number="79" hits="4" branch="False" />
              </lines>
            </method>
            <method name="GetUsers" signature="()" line-rate="0" branch-rate="1" complexity="1">
              <lines>
                <line number="81" hits="0" branch="False" />
              </lines>
            </method>
            <method name="ClearUsers" signature="()" line-rate="1" branch-rate="1" complexity="1">
              <lines>
                <line number="83" hits="18" branch="False" />
              </lines>
            </method>
            <method name=".ctor" signature="()" line-rate="1" branch-rate="1" complexity="1">
              <lines>
                <line number="23" hits="18" branch="False" />
              </lines>
            </method>
          </methods>
          <lines>
            <line number="26" hits="14" branch="False" />
            <line number="27" hits="14" branch="False" />
            <line number="28" hits="14" branch="False" />
            <line number="29" hits="14" branch="False" />
            <line number="32" hits="11" branch="False" />
            <line number="35" hits="11" branch="False" />
            <line number="38" hits="12" branch="False" />
            <line number="39" hits="12" branch="True" condition-coverage="100% (4/4)">
              <conditions>
                <condition number="7" type="jump" coverage="100%" />
                <condition number="20" type="jump" coverage="100%" />
              </conditions>
            </line>
            <line number="40" hits="1" branch="False" />
            <line number="42" hits="11" branch="True" condition-coverage="100% (2/2)">
              <conditions>
                <condition number="47" type="jump" coverage="100%" />
              </conditions>
            </line>
            <line number="43" hits="2" branch="False" />
            <line number="45" hits="9" branch="True" condition-coverage="100% (2/2)">
              <conditions>
                <condition number="74" type="jump" coverage="100%" />
              </conditions>
            </line>
            <line number="46" hits="1" branch="False" />
            <line number="48" hits="8" branch="True" condition-coverage="100% (2/2)">
              <conditions>
                <condition number="106" type="jump" coverage="100%" />
              </conditions>
            </line>
            <line number="49" hits="1" branch="False" />
            <line number="51" hits="7" branch="False" />
            <line number="52" hits="7" branch="False" />
            <line number="53" hits="12" branch="False" />
            <line number="56" hits="4" branch="False" />
            <line number="57" hits="4" branch="True" condition-coverage="100% (4/4)">
              <conditions>
                <condition number="15" type="jump" coverage="100%" />
                <condition number="34" type="jump" coverage="100%" />
              </conditions>
            </line>
            <line number="58" hits="2" branch="False" />
            <line number="60" hits="2" branch="False" />
            <line number="61" hits="4" branch="False" />
            <line number="64" hits="4" branch="False" />
            <line number="65" hits="4" branch="True" condition-coverage="100% (2/2)">
              <conditions>
                <condition number="20" type="jump" coverage="100%" />
              </conditions>
            </line>
            <line number="66" hits="1" branch="False" />
            <line number="68" hits="3" branch="True" condition-coverage="100% (2/2)">
              <conditions>
                <condition number="50" type="jump" coverage="100%" />
              </conditions>
            </line>
            <line number="69" hits="1" branch="False" />
            <line number="71" hits="2" branch="True" condition-coverage="50% (1/2)">
              <conditions>
                <condition number="79" type="jump" coverage="50%" />
              </conditions>
            </line>
            <line number="72" hits="0" branch="False" />
            <line number="74" hits="2" branch="True" condition-coverage="100% (2/2)">
              <conditions>
                <condition number="106" type="jump" coverage="100%" />
              </conditions>
            </line>
            <line number="75" hits="1" branch="False" />
            <line number="77" hits="1" branch="False" />
            <line number="78" hits="1" branch="False" />
            <line number="79" hits="4" branch="False" />
            <line number="81" hits="0" branch="False" />
            <line number="83" hits="18" branch="False" />
            <line number="23" hits="18" branch="False" />
          </lines>
        </class>
        <class name="Lab3.Auth.Controllers.AuthController" filename="Controllers\AuthController.cs" line-rate="0" branch-rate="0" complexity="8">
          <methods>
            <method name="Register" signature="(Lab3.Auth.Controllers.AuthController/RegisterRequest)" line-rate="0" branch-rate="0" complexity="2">
              <lines>
                <line number="21" hits="0" branch="False" />
                <line number="22" hits="0" branch="False" />
                <line number="23" hits="0" branch="True" condition-coverage="0% (0/2)">
                  <conditions>
                    <condition number="31" type="jump" coverage="0%" />
                  </conditions>
                </line>
                <line number="24" hits="0" branch="False" />
              </lines>
            </method>
            <method name="Login" signature="(Lab3.Auth.Controllers.AuthController/LoginRequest)" line-rate="0" branch-rate="0" complexity="2">
              <lines>
                <line number="28" hits="0" branch="False" />
                <line number="29" hits="0" branch="False" />
                <line number="30" hits="0" branch="True" condition-coverage="0% (0/2)">
                  <conditions>
                    <condition number="31" type="jump" coverage="0%" />
                  </conditions>
                </line>
                <line number="31" hits="0" branch="False" />
              </lines>
            </method>
            <method name="ChangePassword" signature="(Lab3.Auth.Controllers.AuthController/ChangePasswordRequest)" line-rate="0" branch-rate="0" complexity="2">
              <lines>
                <line number="35" hits="0" branch="False" />
                <line number="36" hits="0" branch="False" />
                <line number="37" hits="0" branch="True" condition-coverage="0% (0/2)">
                  <conditions>
                    <condition number="37" type="jump" coverage="0%" />
                  </conditions>
                </line>
                <line number="38" hits="0" branch="False" />
              </lines>
            </method>
            <method name="GetUsers" signature="()" line-rate="0" branch-rate="1" complexity="1">
              <lines>
                <line number="41" hits="0" branch="False" />
              </lines>
            </method>
            <method name=".ctor" signature="(Lab3.Auth.Services.IAuthService)" line-rate="0" branch-rate="1" complexity="1">
              <lines>
                <line number="13" hits="0" branch="False" />
              </lines>
            </method>
          </methods>
          <lines>
            <line number="21" hits="0" branch="False" />
            <line number="22" hits="0" branch="False" />
            <line number="23" hits="0" branch="True" condition-coverage="0% (0/2)">
              <conditions>
                <condition number="31" type="jump" coverage="0%" />
              </conditions>
            </line>
            <line number="24" hits="0" branch="False" />
            <line number="28" hits="0" branch="False" />
            <line number="29" hits="0" branch="False" />
            <line number="30" hits="0" branch="True" condition-coverage="0% (0/2)">
              <conditions>
                <condition number="31" type="jump" coverage="0%" />
              </conditions>
            </line>
            <line number="31" hits="0" branch="False" />
            <line number="35" hits="0" branch="False" />
            <line number="36" hits="0" branch="False" />
            <line number="37" hits="0" branch="True" condition-coverage="0% (0/2)">
              <conditions>
                <condition number="37" type="jump" coverage="0%" />
              </conditions>
            </line>
            <line number="38" hits="0" branch="False" />
            <line number="41" hits="0" branch="False" />
            <line number="13" hits="0" branch="False" />
          </lines>
        </class>
        <class name="Lab3.Auth.Controllers.AuthController/RegisterRequest" filename="Controllers\AuthController.cs" line-rate="0" branch-rate="1" complexity="1">
          <methods>
            <method name="get_Username" signature="()" line-rate="0" branch-rate="1" complexity="1">
              <lines>
                <line number="15" hits="0" branch="False" />
              </lines>
            </method>
          </methods>
          <lines>
            <line number="15" hits="0" branch="False" />
          </lines>
        </class>
        <class name="Lab3.Auth.Controllers.AuthController/LoginRequest" filename="Controllers\AuthController.cs" line-rate="0" branch-rate="1" complexity="1">
          <methods>
            <method name="get_Username" signature="()" line-rate="0" branch-rate="1" complexity="1">
              <lines>
                <line number="16" hits="0" branch="False" />
              </lines>
            </method>
          </methods>
          <lines>
            <line number="16" hits="0" branch="False" />
          </lines>
        </class>
        <class name="Lab3.Auth.Controllers.AuthController/ChangePasswordRequest" filename="Controllers\AuthController.cs" line-rate="0" branch-rate="1" complexity="1">
          <methods>
            <method name="get_Username" signature="()" line-rate="0" branch-rate="1" complexity="1">
              <lines>
                <line number="17" hits="0" branch="False" />
              </lines>
            </method>
          </methods>
          <lines>
            <line number="17" hits="0" branch="False" />
          </lines>
        </class>
      </classes>
    </package>
  </packages>
</coverage>